[[1;34mINFO[m] Scanning for projects...
[[1;34mINFO[m] [1m------------------------------------------------------------------------[m
[[1;34mINFO[m] [1mReactor Build Order:[m
[[1;34mINFO[m] 
[[1;34mINFO[m] Asbestos                                                           [pom]
[[1;34mINFO[m] Asbestos Adapter                                                   [jar]
[[1;34mINFO[m] simapi                                                             [jar]
[[1;34mINFO[m] view                                                               [jar]
[[1;34mINFO[m] asbestos-http                                                      [jar]
[[1;34mINFO[m] service-properties                                                 [jar]
[[1;34mINFO[m] asbestos-shared-objects                                            [jar]
[[1;34mINFO[m] asbestos-xds-jaxb                                                  [jar]
[[1;34mINFO[m] asbestos-proxy-support                                             [jar]
[[1;34mINFO[m] asbestos-utilities                                                 [jar]
[[1;34mINFO[m] asbestos-test-engine                                               [jar]
[[1;34mINFO[m] asbestos-codes-jaxb                                                [jar]
[[1;34mINFO[m] asbestos-mhd                                                       [jar]
[[1;34mINFO[m] asbestos-analysis                                                  [jar]
[[1;34mINFO[m] asbestos-proxy                                                     [jar]
[[1;34mINFO[m] asbestos-war                                                       [war]
[[1;34mINFO[m] 
[[1;34mINFO[m] [1m---------------------< [0;36mgov.nist.asbestos:asbestos[0;1m >---------------------[m
[[1;34mINFO[m] [1mBuilding Asbestos 1.3.0-SNAPSHOT                                  [1/16][m
[[1;34mINFO[m] [1m--------------------------------[ pom ]---------------------------------[m
[[1;34mINFO[m] 
[[1;34mINFO[m] [1m-----------------< [0;36mgov.nist.asbestos:asbestos-adapter[0;1m >-----------------[m
[[1;34mINFO[m] [1mBuilding Asbestos Adapter 1.3.0-SNAPSHOT                          [2/16][m
[[1;34mINFO[m] [1m--------------------------------[ jar ]---------------------------------[m
[[1;34mINFO[m] 
[[1;34mINFO[m] [1m--- [0;32mmaven-resources-plugin:2.6:resources[m [1m(default-resources)[m @ [36masbestos-adapter[0;1m ---[m
[[1;34mINFO[m] Using 'UTF-8' encoding to copy filtered resources.
[[1;34mINFO[m] skip non existing resourceDirectory /home/bill/develop/asbestos/asbestos-adapter/src/main/resources
[[1;34mINFO[m] 
[[1;34mINFO[m] [1m--- [0;32mmaven-compiler-plugin:3.3:compile[m [1m(default-compile)[m @ [36masbestos-adapter[0;1m ---[m
[[1;34mINFO[m] Changes detected - recompiling the module!
[[1;34mINFO[m] Compiling 1 source file to /home/bill/develop/asbestos/asbestos-adapter/target/classes
[[1;34mINFO[m] 
[[1;34mINFO[m] [1m--- [0;32mmaven-resources-plugin:2.6:testResources[m [1m(default-testResources)[m @ [36masbestos-adapter[0;1m ---[m
[[1;34mINFO[m] Using 'UTF-8' encoding to copy filtered resources.
[[1;34mINFO[m] skip non existing resourceDirectory /home/bill/develop/asbestos/asbestos-adapter/src/test/resources
[[1;34mINFO[m] 
[[1;34mINFO[m] [1m--- [0;32mmaven-compiler-plugin:3.3:testCompile[m [1m(default-testCompile)[m @ [36masbestos-adapter[0;1m ---[m
[[1;34mINFO[m] No sources to compile
[[1;34mINFO[m] 
[[1;34mINFO[m] [1m--- [0;32mmaven-surefire-plugin:3.0.0-M3:test[m [1m(default-test)[m @ [36masbestos-adapter[0;1m ---[m
[[1;34mINFO[m] No tests to run.
[[1;34mINFO[m] 
[[1;34mINFO[m] [1m--- [0;32mmaven-jar-plugin:2.4:jar[m [1m(default-jar)[m @ [36masbestos-adapter[0;1m ---[m
[[1;34mINFO[m] Building jar: /home/bill/develop/asbestos/asbestos-adapter/target/asbestos-adapter.jar
[[1;34mINFO[m] 
[[1;34mINFO[m] [1m----------------------< [0;36mgov.nist.asbestos:simapi[0;1m >----------------------[m
[[1;34mINFO[m] [1mBuilding simapi 1.3.0-SNAPSHOT                                    [3/16][m
[[1;34mINFO[m] [1m--------------------------------[ jar ]---------------------------------[m
[[1;34mINFO[m] 
[[1;34mINFO[m] [1m--- [0;32mmaven-resources-plugin:2.6:resources[m [1m(default-resources)[m @ [36msimapi[0;1m ---[m
[[1;34mINFO[m] Using 'UTF-8' encoding to copy filtered resources.
[[1;34mINFO[m] Copying 59 resources
[[1;34mINFO[m] 
[[1;34mINFO[m] [1m--- [0;32mmaven-compiler-plugin:3.3:compile[m [1m(default-compile)[m @ [36msimapi[0;1m ---[m
[[1;34mINFO[m] Changes detected - recompiling the module!
[[1;34mINFO[m] Compiling 30 source files to /home/bill/develop/asbestos/asbestos-simapi/target/classes
[[1;34mINFO[m] 
[[1;34mINFO[m] [1m--- [0;32mmaven-resources-plugin:2.6:testResources[m [1m(default-testResources)[m @ [36msimapi[0;1m ---[m
[[1;34mINFO[m] Using 'UTF-8' encoding to copy filtered resources.
[[1;34mINFO[m] skip non existing resourceDirectory /home/bill/develop/asbestos/asbestos-simapi/src/test/resources
[[1;34mINFO[m] 
[[1;34mINFO[m] [1m--- [0;32mmaven-compiler-plugin:3.3:testCompile[m [1m(default-testCompile)[m @ [36msimapi[0;1m ---[m
[[1;34mINFO[m] Nothing to compile - all classes are up to date
[[1;34mINFO[m] 
[[1;34mINFO[m] [1m--- [0;32mmaven-surefire-plugin:3.0.0-M3:test[m [1m(default-test)[m @ [36msimapi[0;1m ---[m
[[1;34mINFO[m] No tests to run.
[[1;34mINFO[m] 
[[1;34mINFO[m] [1m--- [0;32mmaven-jar-plugin:2.4:jar[m [1m(default-jar)[m @ [36msimapi[0;1m ---[m
[[1;34mINFO[m] Building jar: /home/bill/develop/asbestos/asbestos-simapi/target/asbestos-simapi.jar
[[1;34mINFO[m] 
[[1;34mINFO[m] [1m-----------------------< [0;36mgov.nist.asbestos:view[0;1m >-----------------------[m
[[1;34mINFO[m] [1mBuilding view 1.3.0-SNAPSHOT                                      [4/16][m
[[1;34mINFO[m] [1m--------------------------------[ jar ]---------------------------------[m
[[1;34mINFO[m] 
[[1;34mINFO[m] [1m--- [0;32mfrontend-maven-plugin:1.6:install-node-and-npm[m [1m(install node and npm)[m @ [36mview[0;1m ---[m
[[1;34mINFO[m] Node v9.11.1 is already installed.
[[1;34mINFO[m] 
[[1;34mINFO[m] [1m--- [0;32mfrontend-maven-plugin:1.6:npm[m [1m(npm install)[m @ [36mview[0;1m ---[m
[[1;34mINFO[m] Running 'npm install' in /home/bill/develop/asbestos/asbestos-view
[[1;33mWARNING[m] npm WARN bootstrap@4.4.1 requires a peer of jquery@1.9.1 - 3 but none is installed. You must install peer dependencies yourself.
[[1;33mWARNING[m] npm WARN optional SKIPPING OPTIONAL DEPENDENCY: fsevents@1.2.11 (node_modules/fsevents):
[[1;33mWARNING[m] npm WARN notsup SKIPPING OPTIONAL DEPENDENCY: Unsupported platform for fsevents@1.2.11: wanted {"os":"darwin","arch":"any"} (current: {"os":"linux","arch":"x64"})
[[1;31mERROR[m] 
[[1;34mINFO[m] up to date in 5.976s
[[1;34mINFO[m] 
[[1;34mINFO[m] [1m--- [0;32mfrontend-maven-plugin:1.6:npm[m [1m(npm run build)[m @ [36mview[0;1m ---[m
[[1;34mINFO[m] Running 'npm run build' in /home/bill/develop/asbestos/asbestos-view
[[1;34mINFO[m] 
[[1;34mINFO[m] > view@0.1.0 build /home/bill/develop/asbestos/asbestos-view
[[1;34mINFO[m] > vue-cli-service build
[[1;34mINFO[m] 
[[1;34mINFO[m] 
[[1;31mERROR[m] -  Building for production...
[[1;34mINFO[m]  WARNING  Compiled with 3 warnings10:32:35
[[1;34mINFO[m] 
[[1;34mINFO[m]  warning  
[[1;34mINFO[m] 
[[1;34mINFO[m] asset size limit: The following asset(s) exceed the recommended size limit (244 KiB).
[[1;34mINFO[m] This can impact web performance.
[[1;34mINFO[m] Assets: 
[[1;34mINFO[m]   js/chunk-vendors.e32e6695.js (824 KiB)
[[1;34mINFO[m] 
[[1;34mINFO[m]  warning  
[[1;34mINFO[m] 
[[1;34mINFO[m] entrypoint size limit: The following entrypoint(s) combined asset size exceeds the recommended limit (244 KiB). This can impact web performance.
[[1;34mINFO[m] Entrypoints:
[[1;34mINFO[m]   app (990 KiB)
[[1;34mINFO[m]       css/chunk-vendors.44be3266.css
[[1;34mINFO[m]       js/chunk-vendors.e32e6695.js
[[1;34mINFO[m]       css/app.505d7e5f.css
[[1;34mINFO[m]       js/app.e943ab65.js
[[1;34mINFO[m] 
[[1;34mINFO[m] 
[[1;34mINFO[m]  warning  
[[1;34mINFO[m] 
[[1;34mINFO[m] webpack performance recommendations: 
[[1;34mINFO[m] You can limit the size of your bundles by using import() or require.ensure to lazy load some parts of your application.
[[1;34mINFO[m] For more info visit https://webpack.js.org/guides/code-splitting/
[[1;34mINFO[m] 
[[1;34mINFO[m]   File                                   Size              Gzipped
[[1;34mINFO[m] 
[[1;34mINFO[m]   dist/js/chunk-vendors.e32e6695.js      824.14 KiB        271.74 KiB
[[1;34mINFO[m]   dist/js/app.e943ab65.js                154.70 KiB        43.19 KiB
[[1;34mINFO[m]   dist/css/app.505d7e5f.css              10.69 KiB         2.31 KiB
[[1;34mINFO[m]   dist/css/chunk-vendors.44be3266.css    0.88 KiB          0.37 KiB
[[1;34mINFO[m] 
[[1;34mINFO[m]   Images and other types of assets omitted.
[[1;34mINFO[m] 
[[1;34mINFO[m]  DONE  Build complete. The dist directory is ready to be deployed.
[[1;34mINFO[m]  INFO  Check out deployment instructions at https://cli.vuejs.org/guide/deployment.html
[[1;34mINFO[m]       
[[1;34mINFO[m] 
[[1;34mINFO[m] [1m--- [0;32mmaven-resources-plugin:2.6:resources[m [1m(default-resources)[m @ [36mview[0;1m ---[m
[[1;34mINFO[m] Using 'UTF-8' encoding to copy filtered resources.
[[1;34mINFO[m] skip non existing resourceDirectory /home/bill/develop/asbestos/asbestos-view/src/main/resources
[[1;34mINFO[m] 
[[1;34mINFO[m] [1m--- [0;32mmaven-compiler-plugin:3.3:compile[m [1m(default-compile)[m @ [36mview[0;1m ---[m
[[1;34mINFO[m] No sources to compile
[[1;34mINFO[m] 
[[1;34mINFO[m] [1m--- [0;32mmaven-resources-plugin:2.6:testResources[m [1m(default-testResources)[m @ [36mview[0;1m ---[m
[[1;34mINFO[m] Using 'UTF-8' encoding to copy filtered resources.
[[1;34mINFO[m] skip non existing resourceDirectory /home/bill/develop/asbestos/asbestos-view/src/test/resources
[[1;34mINFO[m] 
[[1;34mINFO[m] [1m--- [0;32mmaven-compiler-plugin:3.3:testCompile[m [1m(default-testCompile)[m @ [36mview[0;1m ---[m
[[1;34mINFO[m] No sources to compile
[[1;34mINFO[m] 
[[1;34mINFO[m] [1m--- [0;32mmaven-surefire-plugin:3.0.0-M3:test[m [1m(default-test)[m @ [36mview[0;1m ---[m
[[1;34mINFO[m] No tests to run.
[[1;34mINFO[m] 
[[1;34mINFO[m] [1m--- [0;32mmaven-jar-plugin:2.4:jar[m [1m(default-jar)[m @ [36mview[0;1m ---[m
[[1;33mWARNING[m] JAR will be empty - no content was marked for inclusion!
[[1;34mINFO[m] Building jar: /home/bill/develop/asbestos/asbestos-view/target/asbestos.jar
[[1;34mINFO[m] 
[[1;34mINFO[m] [1m------------------< [0;36mgov.nist.asbestos:asbestos-http[0;1m >-------------------[m
[[1;34mINFO[m] [1mBuilding asbestos-http 1.3.0-SNAPSHOT                             [5/16][m
[[1;34mINFO[m] [1m--------------------------------[ jar ]---------------------------------[m
[[1;34mINFO[m] 
[[1;34mINFO[m] [1m--- [0;32mmaven-resources-plugin:2.6:resources[m [1m(default-resources)[m @ [36masbestos-http[0;1m ---[m
[[1;34mINFO[m] Using 'UTF-8' encoding to copy filtered resources.
[[1;34mINFO[m] skip non existing resourceDirectory /home/bill/develop/asbestos/asbestos-http/src/main/resources
[[1;34mINFO[m] 
[[1;34mINFO[m] [1m--- [0;32mmaven-compiler-plugin:3.3:compile[m [1m(default-compile)[m @ [36masbestos-http[0;1m ---[m
[[1;34mINFO[m] Changes detected - recompiling the module!
[[1;34mINFO[m] Compiling 21 source files to /home/bill/develop/asbestos/asbestos-http/target/classes
[[1;33mWARNING[m] /home/bill/develop/asbestos/asbestos-http/src/main/java/gov/nist/asbestos/http/operations/HttpDelete.java:[4,18] sun.nio.ch.IOUtil is internal proprietary API and may be removed in a future release
[[1;34mINFO[m] /home/bill/develop/asbestos/asbestos-http/src/main/java/gov/nist/asbestos/http/operations/HttpBase.java: Some input files use unchecked or unsafe operations.
[[1;34mINFO[m] /home/bill/develop/asbestos/asbestos-http/src/main/java/gov/nist/asbestos/http/operations/HttpBase.java: Recompile with -Xlint:unchecked for details.
[[1;34mINFO[m] 
[[1;34mINFO[m] [1m--- [0;32mmaven-resources-plugin:2.6:testResources[m [1m(default-testResources)[m @ [36masbestos-http[0;1m ---[m
[[1;34mINFO[m] Using 'UTF-8' encoding to copy filtered resources.
[[1;34mINFO[m] Copying 1 resource
[[1;34mINFO[m] 
[[1;34mINFO[m] [1m--- [0;32mmaven-compiler-plugin:3.3:testCompile[m [1m(default-testCompile)[m @ [36masbestos-http[0;1m ---[m
[[1;34mINFO[m] Changes detected - recompiling the module!
[[1;34mINFO[m] Compiling 2 source files to /home/bill/develop/asbestos/asbestos-http/target/test-classes
[[1;34mINFO[m] 
[[1;34mINFO[m] [1m--- [0;32mmaven-surefire-plugin:3.0.0-M3:test[m [1m(default-test)[m @ [36masbestos-http[0;1m ---[m
[[1;34mINFO[m] 
[[1;34mINFO[m] -------------------------------------------------------
[[1;34mINFO[m]  T E S T S
[[1;34mINFO[m] -------------------------------------------------------
[[1;34mINFO[m] 
[[1;34mINFO[m] Results:
[[1;34mINFO[m] 
[[1;34mINFO[m] Tests run: 0, Failures: 0, Errors: 0, Skipped: 0
[[1;34mINFO[m] 
[[1;34mINFO[m] 
[[1;34mINFO[m] [1m--- [0;32mmaven-jar-plugin:2.4:jar[m [1m(default-jar)[m @ [36masbestos-http[0;1m ---[m
[[1;34mINFO[m] Building jar: /home/bill/develop/asbestos/asbestos-http/target/asbestos-http.jar
[[1;34mINFO[m] 
[[1;34mINFO[m] [1m----------------< [0;36mgov.nist.asbestos:service-properties[0;1m >----------------[m
[[1;34mINFO[m] [1mBuilding service-properties 1.3.0-SNAPSHOT                        [6/16][m
[[1;34mINFO[m] [1m--------------------------------[ jar ]---------------------------------[m
[[1;34mINFO[m] 
[[1;34mINFO[m] [1m--- [0;32mmaven-resources-plugin:2.6:resources[m [1m(default-resources)[m @ [36mservice-properties[0;1m ---[m
[[1;34mINFO[m] Using 'UTF-8' encoding to copy filtered resources.
[[1;34mINFO[m] skip non existing resourceDirectory /home/bill/develop/asbestos/service-properties/src/main/resources
[[1;34mINFO[m] 
[[1;34mINFO[m] [1m--- [0;32mmaven-compiler-plugin:3.3:compile[m [1m(default-compile)[m @ [36mservice-properties[0;1m ---[m
[[1;34mINFO[m] Changes detected - recompiling the module!
[[1;34mINFO[m] Compiling 2 source files to /home/bill/develop/asbestos/service-properties/target/classes
[[1;34mINFO[m] 
[[1;34mINFO[m] [1m--- [0;32mmaven-resources-plugin:2.6:testResources[m [1m(default-testResources)[m @ [36mservice-properties[0;1m ---[m
[[1;34mINFO[m] Using 'UTF-8' encoding to copy filtered resources.
[[1;34mINFO[m] skip non existing resourceDirectory /home/bill/develop/asbestos/service-properties/src/test/resources
[[1;34mINFO[m] 
[[1;34mINFO[m] [1m--- [0;32mmaven-compiler-plugin:3.3:testCompile[m [1m(default-testCompile)[m @ [36mservice-properties[0;1m ---[m
[[1;34mINFO[m] No sources to compile
[[1;34mINFO[m] 
[[1;34mINFO[m] [1m--- [0;32mmaven-surefire-plugin:3.0.0-M3:test[m [1m(default-test)[m @ [36mservice-properties[0;1m ---[m
[[1;34mINFO[m] No tests to run.
[[1;34mINFO[m] 
[[1;34mINFO[m] [1m--- [0;32mmaven-jar-plugin:2.4:jar[m [1m(default-jar)[m @ [36mservice-properties[0;1m ---[m
[[1;34mINFO[m] Building jar: /home/bill/develop/asbestos/service-properties/target/asbestos.jar
[[1;34mINFO[m] 
[[1;34mINFO[m] [1m-------------< [0;36mgov.nist.asbestos:asbestos-shared-objects[0;1m >--------------[m
[[1;34mINFO[m] [1mBuilding asbestos-shared-objects 1.3.0-SNAPSHOT                   [7/16][m
[[1;34mINFO[m] [1m--------------------------------[ jar ]---------------------------------[m
[[1;34mINFO[m] 
[[1;34mINFO[m] [1m--- [0;32mmaven-resources-plugin:2.6:resources[m [1m(default-resources)[m @ [36masbestos-shared-objects[0;1m ---[m
[[1;34mINFO[m] Using 'UTF-8' encoding to copy filtered resources.
[[1;34mINFO[m] skip non existing resourceDirectory /home/bill/develop/asbestos/asbestos-shared-objects/src/main/resources
[[1;34mINFO[m] 
[[1;34mINFO[m] [1m--- [0;32mmaven-compiler-plugin:3.3:compile[m [1m(default-compile)[m @ [36masbestos-shared-objects[0;1m ---[m
[[1;34mINFO[m] Changes detected - recompiling the module!
[[1;34mINFO[m] Compiling 4 source files to /home/bill/develop/asbestos/asbestos-shared-objects/target/classes
[[1;34mINFO[m] 
[[1;34mINFO[m] [1m--- [0;32mmaven-resources-plugin:2.6:testResources[m [1m(default-testResources)[m @ [36masbestos-shared-objects[0;1m ---[m
[[1;34mINFO[m] Using 'UTF-8' encoding to copy filtered resources.
[[1;34mINFO[m] skip non existing resourceDirectory /home/bill/develop/asbestos/asbestos-shared-objects/src/test/resources
[[1;34mINFO[m] 
[[1;34mINFO[m] [1m--- [0;32mmaven-compiler-plugin:3.3:testCompile[m [1m(default-testCompile)[m @ [36masbestos-shared-objects[0;1m ---[m
[[1;34mINFO[m] Changes detected - recompiling the module!
[[1;34mINFO[m] Compiling 5 source files to /home/bill/develop/asbestos/asbestos-shared-objects/target/test-classes
[[1;34mINFO[m] 
[[1;34mINFO[m] [1m--- [0;32mmaven-surefire-plugin:3.0.0-M3:test[m [1m(default-test)[m @ [36masbestos-shared-objects[0;1m ---[m
[[1;34mINFO[m] 
[[1;34mINFO[m] -------------------------------------------------------
[[1;34mINFO[m]  T E S T S
[[1;34mINFO[m] -------------------------------------------------------
[[1;34mINFO[m] 
[[1;34mINFO[m] Results:
[[1;34mINFO[m] 
[[1;34mINFO[m] Tests run: 0, Failures: 0, Errors: 0, Skipped: 0
[[1;34mINFO[m] 
[[1;34mINFO[m] 
[[1;34mINFO[m] [1m--- [0;32mmaven-jar-plugin:2.4:jar[m [1m(default-jar)[m @ [36masbestos-shared-objects[0;1m ---[m
[[1;34mINFO[m] Building jar: /home/bill/develop/asbestos/asbestos-shared-objects/target/asbestos-shared-objects.jar
[[1;34mINFO[m] 
[[1;34mINFO[m] [1m----------------< [0;36mgov.nist.asbestos:asbestos-xds-jaxb[0;1m >-----------------[m
[[1;34mINFO[m] [1mBuilding asbestos-xds-jaxb 1.3.0-SNAPSHOT                         [8/16][m
[[1;34mINFO[m] [1m--------------------------------[ jar ]---------------------------------[m
[[1;34mINFO[m] 
[[1;34mINFO[m] [1m--- [0;32mmaven-resources-plugin:2.6:resources[m [1m(default-resources)[m @ [36masbestos-xds-jaxb[0;1m ---[m
[[1;34mINFO[m] Using 'UTF-8' encoding to copy filtered resources.
[[1;34mINFO[m] Copying 9 resources
[[1;34mINFO[m] 
[[1;34mINFO[m] [1m--- [0;32mmaven-compiler-plugin:3.3:compile[m [1m(default-compile)[m @ [36masbestos-xds-jaxb[0;1m ---[m
[[1;34mINFO[m] Changes detected - recompiling the module!
[[1;34mINFO[m] Compiling 115 source files to /home/bill/develop/asbestos/asbestos-xds-jaxb/target/classes
[[1;34mINFO[m] 
[[1;34mINFO[m] [1m--- [0;32mmaven-resources-plugin:2.6:testResources[m [1m(default-testResources)[m @ [36masbestos-xds-jaxb[0;1m ---[m
[[1;34mINFO[m] Using 'UTF-8' encoding to copy filtered resources.
[[1;34mINFO[m] skip non existing resourceDirectory /home/bill/develop/asbestos/asbestos-xds-jaxb/src/test/resources
[[1;34mINFO[m] 
[[1;34mINFO[m] [1m--- [0;32mmaven-compiler-plugin:3.3:testCompile[m [1m(default-testCompile)[m @ [36masbestos-xds-jaxb[0;1m ---[m
[[1;34mINFO[m] No sources to compile
[[1;34mINFO[m] 
[[1;34mINFO[m] [1m--- [0;32mmaven-surefire-plugin:3.0.0-M3:test[m [1m(default-test)[m @ [36masbestos-xds-jaxb[0;1m ---[m
[[1;34mINFO[m] No tests to run.
[[1;34mINFO[m] 
[[1;34mINFO[m] [1m--- [0;32mmaven-jar-plugin:2.4:jar[m [1m(default-jar)[m @ [36masbestos-xds-jaxb[0;1m ---[m
[[1;34mINFO[m] Building jar: /home/bill/develop/asbestos/asbestos-xds-jaxb/target/asbestos.jar
[[1;34mINFO[m] 
[[1;34mINFO[m] [1m--------------< [0;36mgov.nist.asbestos:asbestos-proxy-support[0;1m >--------------[m
[[1;34mINFO[m] [1mBuilding asbestos-proxy-support 1.3.0-SNAPSHOT                    [9/16][m
[[1;34mINFO[m] [1m--------------------------------[ jar ]---------------------------------[m
[[1;34mINFO[m] 
[[1;34mINFO[m] [1m--- [0;32mmaven-resources-plugin:2.6:resources[m [1m(default-resources)[m @ [36masbestos-proxy-support[0;1m ---[m
[[1;34mINFO[m] Using 'UTF-8' encoding to copy filtered resources.
[[1;34mINFO[m] skip non existing resourceDirectory /home/bill/develop/asbestos/asbestos-client/src/main/resources
[[1;34mINFO[m] 
[[1;34mINFO[m] [1m--- [0;32mmaven-compiler-plugin:3.3:compile[m [1m(default-compile)[m @ [36masbestos-proxy-support[0;1m ---[m
[[1;34mINFO[m] Changes detected - recompiling the module!
[[1;34mINFO[m] Compiling 42 source files to /home/bill/develop/asbestos/asbestos-client/target/classes
[[1;34mINFO[m] 
[[1;34mINFO[m] [1m--- [0;32mmaven-resources-plugin:2.6:testResources[m [1m(default-testResources)[m @ [36masbestos-proxy-support[0;1m ---[m
[[1;34mINFO[m] Using 'UTF-8' encoding to copy filtered resources.
[[1;34mINFO[m] Copying 4 resources
[[1;34mINFO[m] 
[[1;34mINFO[m] [1m--- [0;32mmaven-compiler-plugin:3.3:testCompile[m [1m(default-testCompile)[m @ [36masbestos-proxy-support[0;1m ---[m
[[1;34mINFO[m] Changes detected - recompiling the module!
[[1;34mINFO[m] Compiling 3 source files to /home/bill/develop/asbestos/asbestos-client/target/test-classes
[[1;34mINFO[m] 
[[1;34mINFO[m] [1m--- [0;32mmaven-surefire-plugin:3.0.0-M3:test[m [1m(default-test)[m @ [36masbestos-proxy-support[0;1m ---[m
[[1;34mINFO[m] 
[[1;34mINFO[m] -------------------------------------------------------
[[1;34mINFO[m]  T E S T S
[[1;34mINFO[m] -------------------------------------------------------
[[1;34mINFO[m] 
[[1;34mINFO[m] Results:
[[1;34mINFO[m] 
[[1;34mINFO[m] Tests run: 0, Failures: 0, Errors: 0, Skipped: 0
[[1;34mINFO[m] 
[[1;34mINFO[m] 
[[1;34mINFO[m] [1m--- [0;32mmaven-jar-plugin:2.4:jar[m [1m(default-jar)[m @ [36masbestos-proxy-support[0;1m ---[m
[[1;34mINFO[m] Building jar: /home/bill/develop/asbestos/asbestos-client/target/asbestos.jar
[[1;34mINFO[m] 
[[1;34mINFO[m] [1m----------------< [0;36mgov.nist.asbestos:asbestos-utilities[0;1m >----------------[m
[[1;34mINFO[m] [1mBuilding asbestos-utilities 1.3.0-SNAPSHOT                       [10/16][m
[[1;34mINFO[m] [1m--------------------------------[ jar ]---------------------------------[m
[[1;34mINFO[m] 
[[1;34mINFO[m] [1m--- [0;32mmaven-resources-plugin:2.6:resources[m [1m(default-resources)[m @ [36masbestos-utilities[0;1m ---[m
[[1;34mINFO[m] Using 'UTF-8' encoding to copy filtered resources.
[[1;34mINFO[m] Copying 6 resources
[[1;34mINFO[m] 
[[1;34mINFO[m] [1m--- [0;32mmaven-compiler-plugin:3.3:compile[m [1m(default-compile)[m @ [36masbestos-utilities[0;1m ---[m
[[1;34mINFO[m] Changes detected - recompiling the module!
[[1;34mINFO[m] Compiling 15 source files to /home/bill/develop/asbestos/asbestos-utilities/target/classes
[[1;34mINFO[m] /home/bill/develop/asbestos/asbestos-utilities/src/main/java/gov/nist/asbestos/utilities/MultipartSender.java: /home/bill/develop/asbestos/asbestos-utilities/src/main/java/gov/nist/asbestos/utilities/MultipartSender.java uses or overrides a deprecated API.
[[1;34mINFO[m] /home/bill/develop/asbestos/asbestos-utilities/src/main/java/gov/nist/asbestos/utilities/MultipartSender.java: Recompile with -Xlint:deprecation for details.
[[1;34mINFO[m] /home/bill/develop/asbestos/asbestos-utilities/src/main/java/gov/nist/asbestos/utilities/ResourceHasMethodsFilter.java: /home/bill/develop/asbestos/asbestos-utilities/src/main/java/gov/nist/asbestos/utilities/ResourceHasMethodsFilter.java uses unchecked or unsafe operations.
[[1;34mINFO[m] /home/bill/develop/asbestos/asbestos-utilities/src/main/java/gov/nist/asbestos/utilities/ResourceHasMethodsFilter.java: Recompile with -Xlint:unchecked for details.
[[1;34mINFO[m] 
[[1;34mINFO[m] [1m--- [0;32mmaven-resources-plugin:2.6:testResources[m [1m(default-testResources)[m @ [36masbestos-utilities[0;1m ---[m
[[1;34mINFO[m] Using 'UTF-8' encoding to copy filtered resources.
[[1;34mINFO[m] Copying 4 resources
[[1;34mINFO[m] 
[[1;34mINFO[m] [1m--- [0;32mmaven-compiler-plugin:3.3:testCompile[m [1m(default-testCompile)[m @ [36masbestos-utilities[0;1m ---[m
[[1;34mINFO[m] Changes detected - recompiling the module!
[[1;34mINFO[m] Compiling 1 source file to /home/bill/develop/asbestos/asbestos-utilities/target/test-classes
[[1;34mINFO[m] /home/bill/develop/asbestos/asbestos-utilities/src/test/java/gov/nist/asbestos/utilities/ResourceHasMethodsFilterTest.java: /home/bill/develop/asbestos/asbestos-utilities/src/test/java/gov/nist/asbestos/utilities/ResourceHasMethodsFilterTest.java uses or overrides a deprecated API.
[[1;34mINFO[m] /home/bill/develop/asbestos/asbestos-utilities/src/test/java/gov/nist/asbestos/utilities/ResourceHasMethodsFilterTest.java: Recompile with -Xlint:deprecation for details.
[[1;34mINFO[m] 
[[1;34mINFO[m] [1m--- [0;32mmaven-surefire-plugin:3.0.0-M3:test[m [1m(default-test)[m @ [36masbestos-utilities[0;1m ---[m
[[1;34mINFO[m] 
[[1;34mINFO[m] -------------------------------------------------------
[[1;34mINFO[m]  T E S T S
[[1;34mINFO[m] -------------------------------------------------------
[[1;34mINFO[m] Running gov.nist.asbestos.utilities.[1mResourceHasMethodsFilterTest[m
SLF4J: Failed to load class "org.slf4j.impl.StaticLoggerBinder".
SLF4J: Defaulting to no-operation (NOP) logger implementation
SLF4J: See http://www.slf4j.org/codes.html#StaticLoggerBinder for further details.
Status: current
Author: http://example.com/fhir/Author/1
[[1;34mINFO[m] [1;32mTests run: [0;1;32m6[m, Failures: 0, Errors: 0, Skipped: 0, Time elapsed: 1.783 s - in gov.nist.asbestos.utilities.[1mResourceHasMethodsFilterTest[m
[[1;34mINFO[m] 
[[1;34mINFO[m] Results:
[[1;34mINFO[m] 
[[1;34mINFO[m] [1;32mTests run: 6, Failures: 0, Errors: 0, Skipped: 0[m
[[1;34mINFO[m] 
[[1;34mINFO[m] 
[[1;34mINFO[m] [1m--- [0;32mmaven-jar-plugin:2.4:jar[m [1m(default-jar)[m @ [36masbestos-utilities[0;1m ---[m
[[1;34mINFO[m] Building jar: /home/bill/develop/asbestos/asbestos-utilities/target/asbestos.jar
[[1;34mINFO[m] 
[[1;34mINFO[m] [1m---------------< [0;36mgov.nist.asbestos:asbestos-test-engine[0;1m >---------------[m
[[1;34mINFO[m] [1mBuilding asbestos-test-engine 1.3.0-SNAPSHOT                     [11/16][m
[[1;34mINFO[m] [1m--------------------------------[ jar ]---------------------------------[m
[[1;34mINFO[m] 
[[1;34mINFO[m] [1m--- [0;32mmaven-resources-plugin:2.6:resources[m [1m(default-resources)[m @ [36masbestos-test-engine[0;1m ---[m
[[1;34mINFO[m] Using 'UTF-8' encoding to copy filtered resources.
[[1;34mINFO[m] Copying 1 resource
[[1;34mINFO[m] 
[[1;34mINFO[m] [1m--- [0;32mmaven-compiler-plugin:3.3:compile[m [1m(default-compile)[m @ [36masbestos-test-engine[0;1m ---[m
[[1;34mINFO[m] Changes detected - recompiling the module!
[[1;34mINFO[m] Compiling 18 source files to /home/bill/develop/asbestos/asbestos-test-engine/target/classes
[[1;34mINFO[m] /home/bill/develop/asbestos/asbestos-test-engine/src/main/java/gov/nist/asbestos/testEngine/engine/assertion/MinimumId.java: /home/bill/develop/asbestos/asbestos-test-engine/src/main/java/gov/nist/asbestos/testEngine/engine/assertion/MinimumId.java uses unchecked or unsafe operations.
[[1;34mINFO[m] /home/bill/develop/asbestos/asbestos-test-engine/src/main/java/gov/nist/asbestos/testEngine/engine/assertion/MinimumId.java: Recompile with -Xlint:unchecked for details.
[[1;34mINFO[m] 
[[1;34mINFO[m] [1m--- [0;32mmaven-resources-plugin:2.6:testResources[m [1m(default-testResources)[m @ [36masbestos-test-engine[0;1m ---[m
[[1;34mINFO[m] Using 'UTF-8' encoding to copy filtered resources.
[[1;34mINFO[m] Copying 97 resources
[[1;34mINFO[m] 
[[1;34mINFO[m] [1m--- [0;32mmaven-compiler-plugin:3.3:testCompile[m [1m(default-testCompile)[m @ [36masbestos-test-engine[0;1m ---[m
[[1;34mINFO[m] Changes detected - recompiling the module!
[[1;34mINFO[m] Compiling 10 source files to /home/bill/develop/asbestos/asbestos-test-engine/target/test-classes
[[1;34mINFO[m] /home/bill/develop/asbestos/asbestos-test-engine/src/test/java/gov/nist/asbestos/testEngine/engine/CreateTest.java: Some input files use unchecked or unsafe operations.
[[1;34mINFO[m] /home/bill/develop/asbestos/asbestos-test-engine/src/test/java/gov/nist/asbestos/testEngine/engine/CreateTest.java: Recompile with -Xlint:unchecked for details.
[[1;34mINFO[m] 
[[1;34mINFO[m] [1m--- [0;32mmaven-surefire-plugin:3.0.0-M3:test[m [1m(default-test)[m @ [36masbestos-test-engine[0;1m ---[m
[[1;34mINFO[m] 
[[1;34mINFO[m] -------------------------------------------------------
[[1;34mINFO[m]  T E S T S
[[1;34mINFO[m] -------------------------------------------------------
[[1;34mINFO[m] 
[[1;34mINFO[m] Results:
[[1;34mINFO[m] 
[[1;34mINFO[m] Tests run: 0, Failures: 0, Errors: 0, Skipped: 0
[[1;34mINFO[m] 
[[1;34mINFO[m] 
[[1;34mINFO[m] [1m--- [0;32mmaven-jar-plugin:2.4:jar[m [1m(default-jar)[m @ [36masbestos-test-engine[0;1m ---[m
[[1;34mINFO[m] Building jar: /home/bill/develop/asbestos/asbestos-test-engine/target/asbestos.jar
[[1;34mINFO[m] 
[[1;34mINFO[m] [1m---------------< [0;36mgov.nist.asbestos:asbestos-codes-jaxb[0;1m >----------------[m
[[1;34mINFO[m] [1mBuilding asbestos-codes-jaxb 1.3.0-SNAPSHOT                      [12/16][m
[[1;34mINFO[m] [1m--------------------------------[ jar ]---------------------------------[m
[[1;34mINFO[m] 
[[1;34mINFO[m] [1m--- [0;32mmaven-resources-plugin:2.6:resources[m [1m(default-resources)[m @ [36masbestos-codes-jaxb[0;1m ---[m
[[1;34mINFO[m] Using 'UTF-8' encoding to copy filtered resources.
[[1;34mINFO[m] Copying 5 resources
[[1;34mINFO[m] 
[[1;34mINFO[m] [1m--- [0;32mmaven-compiler-plugin:3.3:compile[m [1m(default-compile)[m @ [36masbestos-codes-jaxb[0;1m ---[m
[[1;34mINFO[m] Changes detected - recompiling the module!
[[1;34mINFO[m] Compiling 5 source files to /home/bill/develop/asbestos/asbestos-codes-jaxb/target/classes
[[1;34mINFO[m] 
[[1;34mINFO[m] [1m--- [0;32mmaven-resources-plugin:2.6:testResources[m [1m(default-testResources)[m @ [36masbestos-codes-jaxb[0;1m ---[m
[[1;34mINFO[m] Using 'UTF-8' encoding to copy filtered resources.
[[1;34mINFO[m] skip non existing resourceDirectory /home/bill/develop/asbestos/asbestos-codes-jaxb/src/test/resources
[[1;34mINFO[m] 
[[1;34mINFO[m] [1m--- [0;32mmaven-compiler-plugin:3.3:testCompile[m [1m(default-testCompile)[m @ [36masbestos-codes-jaxb[0;1m ---[m
[[1;34mINFO[m] No sources to compile
[[1;34mINFO[m] 
[[1;34mINFO[m] [1m--- [0;32mmaven-surefire-plugin:3.0.0-M3:test[m [1m(default-test)[m @ [36masbestos-codes-jaxb[0;1m ---[m
[[1;34mINFO[m] No tests to run.
[[1;34mINFO[m] 
[[1;34mINFO[m] [1m--- [0;32mmaven-jar-plugin:2.4:jar[m [1m(default-jar)[m @ [36masbestos-codes-jaxb[0;1m ---[m
[[1;34mINFO[m] Building jar: /home/bill/develop/asbestos/asbestos-codes-jaxb/target/asbestos.jar
[[1;34mINFO[m] 
[[1;34mINFO[m] [1m-------------------< [0;36mgov.nist.asbestos:asbestos-mhd[0;1m >-------------------[m
[[1;34mINFO[m] [1mBuilding asbestos-mhd 1.3.0-SNAPSHOT                             [13/16][m
[[1;34mINFO[m] [1m--------------------------------[ jar ]---------------------------------[m
[[1;34mINFO[m] 
[[1;34mINFO[m] [1m--- [0;32mmaven-resources-plugin:2.6:resources[m [1m(default-resources)[m @ [36masbestos-mhd[0;1m ---[m
[[1;34mINFO[m] Using 'UTF-8' encoding to copy filtered resources.
[[1;34mINFO[m] Copying 2 resources
[[1;34mINFO[m] 
[[1;34mINFO[m] [1m--- [0;32mmaven-compiler-plugin:3.3:compile[m [1m(default-compile)[m @ [36masbestos-mhd[0;1m ---[m
[[1;34mINFO[m] Changes detected - recompiling the module!
[[1;34mINFO[m] Compiling 41 source files to /home/bill/develop/asbestos/asbestos-mhd/target/classes
[[1;34mINFO[m] 
[[1;34mINFO[m] [1m--- [0;32mmaven-resources-plugin:2.6:testResources[m [1m(default-testResources)[m @ [36masbestos-mhd[0;1m ---[m
[[1;34mINFO[m] Using 'UTF-8' encoding to copy filtered resources.
[[1;34mINFO[m] Copying 12 resources
[[1;34mINFO[m] 
[[1;34mINFO[m] [1m--- [0;32mmaven-compiler-plugin:3.3:testCompile[m [1m(default-testCompile)[m @ [36masbestos-mhd[0;1m ---[m
[[1;34mINFO[m] Changes detected - recompiling the module!
[[1;34mINFO[m] Compiling 12 source files to /home/bill/develop/asbestos/asbestos-mhd/target/test-classes
[[1;34mINFO[m] 
[[1;34mINFO[m] [1m--- [0;32mmaven-surefire-plugin:3.0.0-M3:test[m [1m(default-test)[m @ [36masbestos-mhd[0;1m ---[m
[[1;34mINFO[m] 
[[1;34mINFO[m] -------------------------------------------------------
[[1;34mINFO[m]  T E S T S
[[1;34mINFO[m] -------------------------------------------------------
[[1;34mINFO[m] Running gov.nist.asbestos.mhd.resolver.[1mResourceCacheMgrTest[m
log4j:WARN No appenders could be found for logger (gov.nist.asbestos.client.resolver.CacheBundle).
log4j:WARN Please initialize the log4j system properly.
SLF4J: Failed to load class "org.slf4j.impl.StaticLoggerBinder".
SLF4J: Defaulting to no-operation (NOP) logger implementation
SLF4J: See http://www.slf4j.org/codes.html#StaticLoggerBinder for further details.
[[1;34mINFO[m] [1;32mTests run: [0;1;32m1[m, Failures: 0, Errors: 0, Skipped: 0, Time elapsed: 0.875 s - in gov.nist.asbestos.mhd.resolver.[1mResourceCacheMgrTest[m
[[1;34mINFO[m] Running gov.nist.asbestos.mhd.resolver.[1mFileSystemResourceCacheTest[m
[[1;34mINFO[m] [1;32mTests run: [0;1;32m1[m, Failures: 0, Errors: 0, Skipped: 0, Time elapsed: 0 s - in gov.nist.asbestos.mhd.resolver.[1mFileSystemResourceCacheTest[m
[[1;34mINFO[m] Running gov.nist.asbestos.mhd.translation.test.[1mResourceManagerBundleTest[m
[[1;34mINFO[m] [1;32mTests run: [0;1;32m6[m, Failures: 0, Errors: 0, Skipped: 0, Time elapsed: 0.351 s - in gov.nist.asbestos.mhd.translation.test.[1mResourceManagerBundleTest[m
[[1;34mINFO[m] Running gov.nist.asbestos.mhd.translation.test.[1mAttributesTest[m
<?xml version="1.0" encoding="UTF-8" standalone="yes"?>
<ns3:SubmitObjectsRequest xmlns="urn:oasis:names:tc:ebxml-regrep:xsd:rim:3.0" xmlns:ns2="urn:oasis:names:tc:ebxml-regrep:xsd:rs:3.0" xmlns:ns4="urn:oasis:names:tc:ebxml-regrep:xsd:query:3.0" xmlns:ns3="urn:oasis:names:tc:ebxml-regrep:xsd:lcm:3.0">
    <RegistryObjectList>
        <ExtrinsicObject>
            <Classification classificationScheme="urn:uuid:f0306f51-975f-434e-a61c-c59651d33983" classifiedObject="classifiedObjectId" nodeRepresentation="34133-9" objectType="urn:oasis:names:tc:ebxml-regrep:ObjectType:RegistryObject:Classification" id="ID1">
                <Slot name="codingScheme">
                    <ValueList>
                        <Value>2.16.840.1.113883.6.1</Value>
                    </ValueList>
                </Slot>
                <Name>
                    <LocalizedString value="Summary of Episode Note"/>
                </Name>
            </Classification>
        </ExtrinsicObject>
    </RegistryObjectList>
</ns3:SubmitObjectsRequest>

<?xml version="1.0" encoding="UTF-8" standalone="yes"?>
<ns3:SubmitObjectsRequest xmlns="urn:oasis:names:tc:ebxml-regrep:xsd:rim:3.0" xmlns:ns2="urn:oasis:names:tc:ebxml-regrep:xsd:rs:3.0" xmlns:ns4="urn:oasis:names:tc:ebxml-regrep:xsd:query:3.0" xmlns:ns3="urn:oasis:names:tc:ebxml-regrep:xsd:lcm:3.0">
    <RegistryObjectList>
        <ExtrinsicObject>
            <Slot name="foo">
                <ValueList>
                    <Value>bar</Value>
                    <Value>xuy</Value>
                </ValueList>
            </Slot>
        </ExtrinsicObject>
    </RegistryObjectList>
</ns3:SubmitObjectsRequest>

<?xml version="1.0" encoding="UTF-8" standalone="yes"?>
<ns3:SubmitObjectsRequest xmlns="urn:oasis:names:tc:ebxml-regrep:xsd:rim:3.0" xmlns:ns2="urn:oasis:names:tc:ebxml-regrep:xsd:rs:3.0" xmlns:ns4="urn:oasis:names:tc:ebxml-regrep:xsd:query:3.0" xmlns:ns3="urn:oasis:names:tc:ebxml-regrep:xsd:lcm:3.0">
    <RegistryObjectList>
        <ExtrinsicObject>
            <Name>
                <LocalizedString value="MyName"/>
            </Name>
        </ExtrinsicObject>
    </RegistryObjectList>
</ns3:SubmitObjectsRequest>

<?xml version="1.0" encoding="UTF-8" standalone="yes"?>
<ns3:SubmitObjectsRequest xmlns="urn:oasis:names:tc:ebxml-regrep:xsd:rim:3.0" xmlns:ns2="urn:oasis:names:tc:ebxml-regrep:xsd:rs:3.0" xmlns:ns4="urn:oasis:names:tc:ebxml-regrep:xsd:query:3.0" xmlns:ns3="urn:oasis:names:tc:ebxml-regrep:xsd:lcm:3.0">
    <RegistryObjectList>
        <ExtrinsicObject>
            <Slot name="foo">
                <ValueList>
                    <Value>bar</Value>
                </ValueList>
            </Slot>
        </ExtrinsicObject>
    </RegistryObjectList>
</ns3:SubmitObjectsRequest>

<?xml version="1.0" encoding="UTF-8" standalone="yes"?>
<ns3:SubmitObjectsRequest xmlns="urn:oasis:names:tc:ebxml-regrep:xsd:rim:3.0" xmlns:ns2="urn:oasis:names:tc:ebxml-regrep:xsd:rs:3.0" xmlns:ns4="urn:oasis:names:tc:ebxml-regrep:xsd:query:3.0" xmlns:ns3="urn:oasis:names:tc:ebxml-regrep:xsd:lcm:3.0">
    <RegistryObjectList>
        <ExtrinsicObject>
            <ExternalIdentifier registryObject="registryObject" identificationScheme="scheme" value="value" objectType="urn:oasis:names:tc:ebxml-regrep:ObjectType:RegistryObject:ExternalIdentifier" id="id">
                <Name>
                    <LocalizedString value="name"/>
                </Name>
            </ExternalIdentifier>
        </ExtrinsicObject>
    </RegistryObjectList>
</ns3:SubmitObjectsRequest>

<?xml version="1.0" encoding="UTF-8" standalone="yes"?>
<ns3:SubmitObjectsRequest xmlns="urn:oasis:names:tc:ebxml-regrep:xsd:rim:3.0" xmlns:ns2="urn:oasis:names:tc:ebxml-regrep:xsd:rs:3.0" xmlns:ns4="urn:oasis:names:tc:ebxml-regrep:xsd:query:3.0" xmlns:ns3="urn:oasis:names:tc:ebxml-regrep:xsd:lcm:3.0">
    <RegistryObjectList>
        <Association associationType="HasMember" sourceObject="id1" targetObject="id2" id="ID1">
            <Slot name="name">
                <ValueList>
                    <Value>foo</Value>
                </ValueList>
            </Slot>
        </Association>
    </RegistryObjectList>
</ns3:SubmitObjectsRequest>

[[1;34mINFO[m] [1;32mTests run: [0;1;32m6[m, Failures: 0, Errors: 0, Skipped: 0, Time elapsed: 0.757 s - in gov.nist.asbestos.mhd.translation.test.[1mAttributesTest[m
[[1;34mINFO[m] Running gov.nist.asbestos.mhd.translation.test.[1mBuildRegistryObjectListTest[m
{
  "elements" : [ {
    "types" : [ ],
    "msg" : "Load Bundle...",
    "ele" : [ {
      "types" : [ ],
      "msg" : "All objects assigned symbolic IDs",
      "ele" : [ {
        "types" : [ "Documentation" ],
        "msg" : "3.65.4.1.2 Message Semantics",
        "ele" : [ ],
        "errors" : [ ],
        "warnings" : [ ]
      } ],
      "errors" : [ ],
      "warnings" : [ ]
    }, {
      "types" : [ ],
      "msg" : "Assigning ID1 to DocumentReference(http://localhost:9556/svc/fhir/DocumentReference/45)",
      "ele" : [ ],
      "errors" : [ ],
      "warnings" : [ ]
    }, {
      "types" : [ ],
      "msg" : "...http://localhost:9556/svc/fhir/DocumentReference/45",
      "ele" : [ ],
      "errors" : [ ],
      "warnings" : [ ]
    }, {
      "types" : [ ],
      "msg" : "Assigning ID2 to DocumentManifest(urn:uuid:3fdc72f4-a11d-4a9d-9260-a9f745779e1e)",
      "ele" : [ ],
      "errors" : [ ],
      "warnings" : [ ]
    }, {
      "types" : [ ],
      "msg" : "...urn:uuid:3fdc72f4-a11d-4a9d-9260-a9f745779e1e",
      "ele" : [ ],
      "errors" : [ ],
      "warnings" : [ ]
    }, {
      "types" : [ ],
      "msg" : "Assigning ID3 to Binary(http://localhost:9556/svc/fhir/Binary/1e404af3-077f-4bee-b7a6-a9be97e1ce32)",
      "ele" : [ ],
      "errors" : [ ],
      "warnings" : [ ]
    }, {
      "types" : [ ],
      "msg" : "...http://localhost:9556/svc/fhir/Binary/1e404af3-077f-4bee-b7a6-a9be97e1ce32",
      "ele" : [ ],
      "errors" : [ ],
      "warnings" : [ ]
    } ],
    "errors" : [ ],
    "warnings" : [ ]
  }, {
    "types" : [ ],
    "msg" : "Load Bundle...",
    "ele" : [ {
      "types" : [ ],
      "msg" : "All objects assigned symbolic IDs",
      "ele" : [ {
        "types" : [ "Documentation" ],
        "msg" : "3.65.4.1.2 Message Semantics",
        "ele" : [ ],
        "errors" : [ ],
        "warnings" : [ ]
      } ],
      "errors" : [ ],
      "warnings" : [ ]
    }, {
      "types" : [ ],
      "msg" : "Assigning ID1 to DocumentReference(http://localhost:9556/svc/fhir/DocumentReference/45)",
      "ele" : [ ],
      "errors" : [ ],
      "warnings" : [ ]
    }, {
      "types" : [ ],
      "msg" : "...http://localhost:9556/svc/fhir/DocumentReference/45",
      "ele" : [ ],
      "errors" : [ ],
      "warnings" : [ ]
    }, {
      "types" : [ ],
      "msg" : "Assigning ID2 to DocumentManifest(urn:uuid:3fdc72f4-a11d-4a9d-9260-a9f745779e1e)",
      "ele" : [ ],
      "errors" : [ ],
      "warnings" : [ ]
    }, {
      "types" : [ ],
      "msg" : "...urn:uuid:3fdc72f4-a11d-4a9d-9260-a9f745779e1e",
      "ele" : [ ],
      "errors" : [ ],
      "warnings" : [ ]
    }, {
      "types" : [ ],
      "msg" : "Assigning ID3 to Binary(http://localhost:9556/svc/fhir/Binary/1e404af3-077f-4bee-b7a6-a9be97e1ce32)",
      "ele" : [ ],
      "errors" : [ ],
      "warnings" : [ ]
    }, {
      "types" : [ ],
      "msg" : "...http://localhost:9556/svc/fhir/Binary/1e404af3-077f-4bee-b7a6-a9be97e1ce32",
      "ele" : [ ],
      "errors" : [ ],
      "warnings" : [ ]
    } ],
    "errors" : [ ],
    "warnings" : [ ]
  }, {
    "types" : [ ],
    "msg" : "DocumentReference to DocumentEntry",
    "ele" : [ {
      "types" : [ "IHE Requirement" ],
      "msg" : "Content section is [1..1]",
      "ele" : [ {
        "types" : [ "Reference" ],
        "msg" : "MHD: Table 4.5.1.1-1",
        "ele" : [ ],
        "errors" : [ ],
        "warnings" : [ ]
      } ],
      "errors" : [ ],
      "warnings" : [ ]
    }, {
      "types" : [ "IHE Requirement" ],
      "msg" : "Content.Attachment section is [1..1]",
      "ele" : [ {
        "types" : [ "Reference" ],
        "msg" : "MHD: Table 4.5.1.1-1",
        "ele" : [ ],
        "errors" : [ ],
        "warnings" : [ ]
      } ],
      "errors" : [ ],
      "warnings" : [ ]
    }, {
      "types" : [ "Translation" ],
      "msg" : "Identifier to entryUUID",
      "ele" : [ ],
      "errors" : [ ],
      "warnings" : [ ]
    }, {
      "types" : [ "IHE Requirement" ],
      "msg" : "content.attachment.contentType is [1..1]",
      "ele" : [ {
        "types" : [ "Reference" ],
        "msg" : "MHD: Table 4.5.1.1-1",
        "ele" : [ ],
        "errors" : [ ],
        "warnings" : [ ]
      } ],
      "errors" : [ ],
      "warnings" : [ ]
    }, {
      "types" : [ "Translation" ],
      "msg" : "content.attachment.contentType to mimeType",
      "ele" : [ ],
      "errors" : [ ],
      "warnings" : [ ]
    }, {
      "types" : [ "Translation" ],
      "msg" : "availabilityStatus",
      "ele" : [ ],
      "errors" : [ ],
      "warnings" : [ ]
    }, {
      "types" : [ "Translation" ],
      "msg" : "serviceStartTime",
      "ele" : [ ],
      "errors" : [ ],
      "warnings" : [ ]
    }, {
      "types" : [ "Translation" ],
      "msg" : "serviceStopTime",
      "ele" : [ ],
      "errors" : [ ],
      "warnings" : [ ]
    }, {
      "types" : [ "Translation" ],
      "msg" : "sourcePatientInfo",
      "ele" : [ ],
      "errors" : [ ],
      "warnings" : [ ]
    }, {
      "types" : [ ],
      "msg" : "Resolve ${sourcePatient.reference} as SourcePatient",
      "ele" : [ ],
      "errors" : [ ],
      "warnings" : [ ]
    }, {
      "types" : [ "Translation" ],
      "msg" : "facilityType",
      "ele" : [ ],
      "errors" : [ ],
      "warnings" : [ ]
    }, {
      "types" : [ "Translation" ],
      "msg" : "practiceSetting",
      "ele" : [ ],
      "errors" : [ ],
      "warnings" : [ ]
    }, {
      "types" : [ "Translation" ],
      "msg" : "languageCode",
      "ele" : [ ],
      "errors" : [ ],
      "warnings" : [ ]
    }, {
      "types" : [ "Translation" ],
      "msg" : "description",
      "ele" : [ ],
      "errors" : [ ],
      "warnings" : [ ]
    }, {
      "types" : [ "Translation" ],
      "msg" : "typeCode",
      "ele" : [ ],
      "errors" : [ ],
      "warnings" : [ ]
    }, {
      "types" : [ "Translation" ],
      "msg" : "confCode",
      "ele" : [ ],
      "errors" : [ ],
      "warnings" : [ ]
    }, {
      "types" : [ "Translation" ],
      "msg" : "formatCode",
      "ele" : [ ],
      "errors" : [ ],
      "warnings" : [ ]
    }, {
      "types" : [ "IHE Requirement" ],
      "msg" : "DocumentReference.masterIdentifier is [1..1]",
      "ele" : [ {
        "types" : [ "Reference" ],
        "msg" : "MHD: Table 4.5.1.1-1",
        "ele" : [ ],
        "errors" : [ ],
        "warnings" : [ ]
      } ],
      "errors" : [ ],
      "warnings" : [ ]
    }, {
      "types" : [ "Translation" ],
      "msg" : "masterIdentifier",
      "ele" : [ ],
      "errors" : [ ],
      "warnings" : [ ]
    }, {
      "types" : [ "IHE Requirement" ],
      "msg" : "DocumentReference.subject is [1..1]",
      "ele" : [ {
        "types" : [ "Reference" ],
        "msg" : "MHD: Table 4.5.1.1-1",
        "ele" : [ ],
        "errors" : [ ],
        "warnings" : [ ]
      } ],
      "errors" : [ ],
      "warnings" : [ ]
    }, {
      "types" : [ "Translation" ],
      "msg" : "subject to Patient Id",
      "ele" : [ ],
      "errors" : [ ],
      "warnings" : [ ]
    }, {
      "types" : [ "Translation" ],
      "msg" : "author",
      "ele" : [ {
        "types" : [ ],
        "msg" : "Resolver: ...contained",
        "ele" : [ {
          "types" : [ ],
          "msg" : "Resolver: Resolve URL #a3 ...  containedOk containedRequired",
          "ele" : [ ],
          "errors" : [ ],
          "warnings" : [ ]
        } ],
        "errors" : [ ],
        "warnings" : [ ]
      }, {
        "types" : [ ],
        "msg" : "Resolver: ...contained",
        "ele" : [ {
          "types" : [ ],
          "msg" : "Resolver: Resolve URL #a4 ...  containedOk containedRequired",
          "ele" : [ ],
          "errors" : [ ],
          "warnings" : [ ]
        } ],
        "errors" : [ ],
        "warnings" : [ ]
      } ],
      "errors" : [ ],
      "warnings" : [ ]
    } ],
    "errors" : [ ],
    "warnings" : [ ]
  }, {
    "types" : [ ],
    "msg" : null,
    "ele" : [ {
      "types" : [ ],
      "msg" : "Resolver: ...contained",
      "ele" : [ {
        "types" : [ ],
        "msg" : "Resolver: Resolve URL #a2 ...  containedOk containedRequired",
        "ele" : [ ],
        "errors" : [ ],
        "warnings" : [ ]
      } ],
      "errors" : [ ],
      "warnings" : [ ]
    } ],
    "errors" : [ ],
    "warnings" : [ ]
  }, {
    "types" : [ ],
    "msg" : "ExternalIdentifier urn:uuid:2e82c1f6-a085-4c72-9da3-8640a32e42ab",
    "ele" : [ ],
    "errors" : [ ],
    "warnings" : [ ]
  }, {
    "types" : [ ],
    "msg" : null,
    "ele" : [ {
      "types" : [ ],
      "msg" : null,
      "ele" : [ {
        "types" : [ ],
        "msg" : "Resolver: Resolve URL http://localhost:8080/fhir/Patient/a2 ...  externalRequired",
        "ele" : [ ],
        "errors" : [ ],
        "warnings" : [ ]
      } ],
      "errors" : [ ],
      "warnings" : [ ]
    } ],
    "errors" : [ ],
    "warnings" : [ ]
  }, {
    "types" : [ ],
    "msg" : "ExternalIdentifier urn:uuid:58a6f841-87b3-4a3e-92fd-a8ffeff98427",
    "ele" : [ ],
    "errors" : [ ],
    "warnings" : [ ]
  }, {
    "types" : [ ],
    "msg" : "DocumentManifest to SubmissionSet",
    "ele" : [ ],
    "errors" : [ ],
    "warnings" : [ ]
  }, {
    "types" : [ ],
    "msg" : "SubmissionSet(ID2)",
    "ele" : [ ],
    "errors" : [ ],
    "warnings" : [ ]
  }, {
    "types" : [ ],
    "msg" : "Classification urn:uuid:a54d6aa5-d40d-43f9-88c5-b4633d873bdd",
    "ele" : [ ],
    "errors" : [ ],
    "warnings" : [ ]
  }, {
    "types" : [ ],
    "msg" : "ExternalIdentifier urn:uuid:96fdda7c-d067-4183-912e-bf5ee74998a8",
    "ele" : [ ],
    "errors" : [ ],
    "warnings" : [ ]
  }, {
    "types" : [ ],
    "msg" : "ExternalIdentifier urn:uuid:554ac39e-e3fe-47fe-b233-965d2a147832",
    "ele" : [ ],
    "errors" : [ ],
    "warnings" : [ ]
  }, {
    "types" : [ ],
    "msg" : null,
    "ele" : [ {
      "types" : [ ],
      "msg" : null,
      "ele" : [ {
        "types" : [ ],
        "msg" : "Resolver: Resolve URL http://localhost:8080/fhir/Patient/a2 ...  externalRequired",
        "ele" : [ ],
        "errors" : [ ],
        "warnings" : [ ]
      } ],
      "errors" : [ ],
      "warnings" : [ ]
    } ],
    "errors" : [ ],
    "warnings" : [ ]
  }, {
    "types" : [ ],
    "msg" : "ExternalIdentifier urn:uuid:6b5aea1a-874d-4603-a4bc-96a0a7b38446",
    "ele" : [ ],
    "errors" : [ ],
    "warnings" : [ ]
  }, {
    "types" : [ ],
    "msg" : null,
    "ele" : [ ],
    "errors" : [ ],
    "warnings" : [ ]
  } ],
  "errors" : [ ]
}
[[1;34mINFO[m] [1;32mTests run: [0;1;32m1[m, Failures: 0, Errors: 0, Skipped: 0, Time elapsed: 0.279 s - in gov.nist.asbestos.mhd.translation.test.[1mBuildRegistryObjectListTest[m
[[1;34mINFO[m] Running gov.nist.asbestos.mhd.translation.test.documentEntry.[1mBase64BinaryTest[m
[[1;34mINFO[m] [1;32mTests run: [0;1;32m1[m, Failures: 0, Errors: 0, Skipped: 0, Time elapsed: 0 s - in gov.nist.asbestos.mhd.translation.test.documentEntry.[1mBase64BinaryTest[m
[[1;34mINFO[m] Running gov.nist.asbestos.mhd.translation.test.documentEntry.[1mDocumentEntryTest[m
[[1;34mINFO[m] [1;32mTests run: [0;1;32m17[m, Failures: 0, Errors: 0, Skipped: 0, Time elapsed: 0.295 s - in gov.nist.asbestos.mhd.translation.test.documentEntry.[1mDocumentEntryTest[m
[[1;34mINFO[m] Running gov.nist.asbestos.mhd.translation.test.documentEntry.[1mAuthorTest[m
[[1;34mINFO[m] [1;32mTests run: [0;1;32m2[m, Failures: 0, Errors: 0, Skipped: 0, Time elapsed: 0.004 s - in gov.nist.asbestos.mhd.translation.test.documentEntry.[1mAuthorTest[m
[[1;34mINFO[m] Running gov.nist.asbestos.mhd.translation.test.[1mIdTest[m
[[1;34mINFO[m] [1;32mTests run: [0;1;32m5[m, Failures: 0, Errors: 0, Skipped: 0, Time elapsed: 0.004 s - in gov.nist.asbestos.mhd.translation.test.[1mIdTest[m
[[1;34mINFO[m] Running gov.nist.asbestos.mhd.translation.test.[1mResourceMgrContainedTest[m
[[1;34mINFO[m] [1;32mTests run: [0;1;32m3[m, Failures: 0, Errors: 0, Skipped: 0, Time elapsed: 0.006 s - in gov.nist.asbestos.mhd.translation.test.[1mResourceMgrContainedTest[m
[[1;34mINFO[m] Running gov.nist.asbestos.mhd.translation.test.[1mResourceManagerBundleWithDupTest[m
[[1;34mINFO[m] [1;32mTests run: [0;1;32m1[m, Failures: 0, Errors: 0, Skipped: 0, Time elapsed: 0.007 s - in gov.nist.asbestos.mhd.translation.test.[1mResourceManagerBundleWithDupTest[m
[[1;34mINFO[m] 
[[1;34mINFO[m] Results:
[[1;34mINFO[m] 
[[1;34mINFO[m] [1;32mTests run: 44, Failures: 0, Errors: 0, Skipped: 0[m
[[1;34mINFO[m] 
[[1;34mINFO[m] 
[[1;34mINFO[m] [1m--- [0;32mmaven-jar-plugin:2.4:jar[m [1m(default-jar)[m @ [36masbestos-mhd[0;1m ---[m
[[1;34mINFO[m] Building jar: /home/bill/develop/asbestos/asbestos-mhd/target/asbestos.jar
[[1;34mINFO[m] 
[[1;34mINFO[m] [1m----------------< [0;36mgov.nist.asbestos:asbestos-analysis[0;1m >-----------------[m
[[1;34mINFO[m] [1mBuilding asbestos-analysis 1.3.0-SNAPSHOT                        [14/16][m
[[1;34mINFO[m] [1m--------------------------------[ jar ]---------------------------------[m
[[1;34mINFO[m] 
[[1;34mINFO[m] [1m--- [0;32mmaven-resources-plugin:2.6:resources[m [1m(default-resources)[m @ [36masbestos-analysis[0;1m ---[m
[[1;34mINFO[m] Using 'UTF-8' encoding to copy filtered resources.
[[1;34mINFO[m] Copying 0 resource
[[1;34mINFO[m] 
[[1;34mINFO[m] [1m--- [0;32mmaven-compiler-plugin:3.3:compile[m [1m(default-compile)[m @ [36masbestos-analysis[0;1m ---[m
[[1;34mINFO[m] Changes detected - recompiling the module!
[[1;34mINFO[m] Compiling 7 source files to /home/bill/develop/asbestos/asbestos-analysis/target/classes
[[1;34mINFO[m] 
[[1;34mINFO[m] [1m--- [0;32mmaven-resources-plugin:2.6:testResources[m [1m(default-testResources)[m @ [36masbestos-analysis[0;1m ---[m
[[1;34mINFO[m] Using 'UTF-8' encoding to copy filtered resources.
[[1;34mINFO[m] Copying 2 resources
[[1;34mINFO[m] 
[[1;34mINFO[m] [1m--- [0;32mmaven-compiler-plugin:3.3:testCompile[m [1m(default-testCompile)[m @ [36masbestos-analysis[0;1m ---[m
[[1;34mINFO[m] Changes detected - recompiling the module!
[[1;34mINFO[m] Compiling 2 source files to /home/bill/develop/asbestos/asbestos-analysis/target/test-classes
[[1;34mINFO[m] 
[[1;34mINFO[m] [1m--- [0;32mmaven-surefire-plugin:3.0.0-M3:test[m [1m(default-test)[m @ [36masbestos-analysis[0;1m ---[m
[[1;34mINFO[m] 
[[1;34mINFO[m] -------------------------------------------------------
[[1;34mINFO[m]  T E S T S
[[1;34mINFO[m] -------------------------------------------------------
[[1;34mINFO[m] 
[[1;34mINFO[m] Results:
[[1;34mINFO[m] 
[[1;34mINFO[m] Tests run: 0, Failures: 0, Errors: 0, Skipped: 0
[[1;34mINFO[m] 
[[1;34mINFO[m] 
[[1;34mINFO[m] [1m--- [0;32mmaven-jar-plugin:2.4:jar[m [1m(default-jar)[m @ [36masbestos-analysis[0;1m ---[m
[[1;34mINFO[m] Building jar: /home/bill/develop/asbestos/asbestos-analysis/target/asbestos.jar
[[1;34mINFO[m] 
[[1;34mINFO[m] [1m------------------< [0;36mgov.nist.asbestos:asbestos-proxy[0;1m >------------------[m
[[1;34mINFO[m] [1mBuilding asbestos-proxy 1.3.0-SNAPSHOT                           [15/16][m
[[1;34mINFO[m] [1m--------------------------------[ jar ]---------------------------------[m
[[1;34mINFO[m] 
[[1;34mINFO[m] [1m--- [0;32mmaven-resources-plugin:2.6:resources[m [1m(default-resources)[m @ [36masbestos-proxy[0;1m ---[m
[[1;34mINFO[m] Using 'UTF-8' encoding to copy filtered resources.
[[1;34mINFO[m] Copying 4 resources
[[1;34mINFO[m] 
[[1;34mINFO[m] [1m--- [0;32mmaven-compiler-plugin:3.3:compile[m [1m(default-compile)[m @ [36masbestos-proxy[0;1m ---[m
[[1;34mINFO[m] Changes detected - recompiling the module!
[[1;34mINFO[m] Compiling 58 source files to /home/bill/develop/asbestos/asbestos-proxy/target/classes
[[1;34mINFO[m] /home/bill/develop/asbestos/asbestos-proxy/src/main/java/gov/nist/asbestos/asbestosProxy/servlet/ProxyServlet.java: /home/bill/develop/asbestos/asbestos-proxy/src/main/java/gov/nist/asbestos/asbestosProxy/servlet/ProxyServlet.java uses unchecked or unsafe operations.
[[1;34mINFO[m] /home/bill/develop/asbestos/asbestos-proxy/src/main/java/gov/nist/asbestos/asbestosProxy/servlet/ProxyServlet.java: Recompile with -Xlint:unchecked for details.
[[1;34mINFO[m] 
[[1;34mINFO[m] [1m--- [0;32mmaven-resources-plugin:2.6:testResources[m [1m(default-testResources)[m @ [36masbestos-proxy[0;1m ---[m
[[1;34mINFO[m] Using 'UTF-8' encoding to copy filtered resources.
[[1;34mINFO[m] Copying 10 resources
[[1;34mINFO[m] 
[[1;34mINFO[m] [1m--- [0;32mmaven-compiler-plugin:3.3:testCompile[m [1m(default-testCompile)[m @ [36masbestos-proxy[0;1m ---[m
[[1;34mINFO[m] Changes detected - recompiling the module!
[[1;34mINFO[m] Compiling 6 source files to /home/bill/develop/asbestos/asbestos-proxy/target/test-classes
[[1;34mINFO[m] 
[[1;34mINFO[m] [1m--- [0;32mmaven-surefire-plugin:3.0.0-M3:test[m [1m(default-test)[m @ [36masbestos-proxy[0;1m ---[m
[[1;34mINFO[m] 
[[1;34mINFO[m] -------------------------------------------------------
[[1;34mINFO[m]  T E S T S
[[1;34mINFO[m] -------------------------------------------------------
[[1;34mINFO[m] Running gov.nist.asbestos.asbestosProxy.mhdChannel.[1mFaultParserTest[m
[[1;34mINFO[m] [1;32mTests run: [0;1;32m6[m, Failures: 0, Errors: 0, Skipped: 0, Time elapsed: 0.343 s - in gov.nist.asbestos.asbestosProxy.mhdChannel.[1mFaultParserTest[m
[[1;34mINFO[m] Running gov.nist.asbestos.asbestosProxy.channels.capabilitystatement.[1mCapabilityStatementTest[m
*** Loading service.properties from: /home/bill/develop/asbestos/asbestos-proxy/target/test-classes/service.properties
SLF4J: Failed to load class "org.slf4j.impl.StaticLoggerBinder".
SLF4J: Defaulting to no-operation (NOP) logger implementation
SLF4J: See http://www.slf4j.org/codes.html#StaticLoggerBinder for further details.
[[1;34mINFO[m] [1;32mTests run: [0;1;32m2[m, Failures: 0, Errors: 0, Skipped: 0, Time elapsed: 0.861 s - in gov.nist.asbestos.asbestosProxy.channels.capabilitystatement.[1mCapabilityStatementTest[m
[[1;34mINFO[m] 
[[1;34mINFO[m] Results:
[[1;34mINFO[m] 
[[1;34mINFO[m] [1;32mTests run: 8, Failures: 0, Errors: 0, Skipped: 0[m
[[1;34mINFO[m] 
[[1;34mINFO[m] 
[[1;34mINFO[m] [1m--- [0;32mmaven-jar-plugin:2.4:jar[m [1m(default-jar)[m @ [36masbestos-proxy[0;1m ---[m
[[1;34mINFO[m] Building jar: /home/bill/develop/asbestos/asbestos-proxy/target/asbestos.jar
[[1;34mINFO[m] 
[[1;34mINFO[m] [1m-------------------< [0;36mgov.nist.asbestos:asbestos-war[0;1m >-------------------[m
[[1;34mINFO[m] [1mBuilding asbestos-war 1.3.0-SNAPSHOT                             [16/16][m
[[1;34mINFO[m] [1m--------------------------------[ war ]---------------------------------[m
[[1;34mINFO[m] 
[[1;34mINFO[m] [1m--- [0;32mmaven-resources-plugin:2.6:resources[m [1m(default-resources)[m @ [36masbestos-war[0;1m ---[m
[[1;34mINFO[m] Using 'UTF-8' encoding to copy filtered resources.
[[1;34mINFO[m] Copying 1 resource
[[1;34mINFO[m] Copying 7 resources
[[1;34mINFO[m] 
[[1;34mINFO[m] [1m--- [0;32mmaven-compiler-plugin:3.3:compile[m [1m(default-compile)[m @ [36masbestos-war[0;1m ---[m
[[1;34mINFO[m] No sources to compile
[[1;34mINFO[m] 
[[1;34mINFO[m] [1m--- [0;32mmaven-resources-plugin:2.6:testResources[m [1m(default-testResources)[m @ [36masbestos-war[0;1m ---[m
[[1;34mINFO[m] Using 'UTF-8' encoding to copy filtered resources.
[[1;34mINFO[m] Copying 1 resource
[[1;34mINFO[m] Copying 35 resources
[[1;34mINFO[m] 
[[1;34mINFO[m] [1m--- [0;32mmaven-compiler-plugin:3.3:testCompile[m [1m(default-testCompile)[m @ [36masbestos-war[0;1m ---[m
[[1;34mINFO[m] Changes detected - recompiling the module!
[[1;34mINFO[m] Compiling 16 source files to /home/bill/develop/asbestos/asbestos-war/target/test-classes
[[1;34mINFO[m] 
[[1;34mINFO[m] [1m--- [0;32mmaven-surefire-plugin:3.0.0-M3:test[m [1m(default-test)[m @ [36masbestos-war[0;1m ---[m
[[1;34mINFO[m] 
[[1;34mINFO[m] -------------------------------------------------------
[[1;34mINFO[m]  T E S T S
[[1;34mINFO[m] -------------------------------------------------------
[[1;34mINFO[m] 
[[1;34mINFO[m] Results:
[[1;34mINFO[m] 
[[1;34mINFO[m] Tests run: 0, Failures: 0, Errors: 0, Skipped: 0
[[1;34mINFO[m] 
[[1;34mINFO[m] 
[[1;34mINFO[m] [1m--- [0;32mmaven-war-plugin:2.2:war[m [1m(default-war)[m @ [36masbestos-war[0;1m ---[m
[[1;34mINFO[m] Packaging webapp
[[1;34mINFO[m] Assembling webapp [asbestos-war] in [/home/bill/develop/asbestos/asbestos-war/target/asbestos-war]
[[1;34mINFO[m] Processing war project
[[1;34mINFO[m] Copying webapp resources [/home/bill/develop/asbestos/asbestos-war/src/main/webapp]
[[1;34mINFO[m] Webapp assembled in [191 msecs]
[[1;34mINFO[m] Building war: /home/bill/develop/asbestos/asbestos-war/target/asbestos-war.war
[[1;34mINFO[m] WEB-INF/web.xml already added, skipping
[[1;34mINFO[m] [1m------------------------------------------------------------------------[m
[[1;34mINFO[m] [1mReactor Summary for Asbestos 1.3.0-SNAPSHOT:[m
[[1;34mINFO[m] 
[[1;34mINFO[m] Asbestos ........................................... [1;32mSUCCESS[m [  0.003 s]
[[1;34mINFO[m] Asbestos Adapter ................................... [1;32mSUCCESS[m [  1.226 s]
[[1;34mINFO[m] simapi ............................................. [1;32mSUCCESS[m [  0.857 s]
[[1;34mINFO[m] view ............................................... [1;32mSUCCESS[m [ 16.687 s]
[[1;34mINFO[m] asbestos-http ...................................... [1;32mSUCCESS[m [  1.187 s]
[[1;34mINFO[m] service-properties ................................. [1;32mSUCCESS[m [  0.085 s]
[[1;34mINFO[m] asbestos-shared-objects ............................ [1;32mSUCCESS[m [  0.792 s]
[[1;34mINFO[m] asbestos-xds-jaxb .................................. [1;32mSUCCESS[m [  0.476 s]
[[1;34mINFO[m] asbestos-proxy-support ............................. [1;32mSUCCESS[m [  0.896 s]
[[1;34mINFO[m] asbestos-utilities ................................. [1;32mSUCCESS[m [  2.820 s]
[[1;34mINFO[m] asbestos-test-engine ............................... [1;32mSUCCESS[m [  1.132 s]
[[1;34mINFO[m] asbestos-codes-jaxb ................................ [1;32mSUCCESS[m [  0.063 s]
[[1;34mINFO[m] asbestos-mhd ....................................... [1;32mSUCCESS[m [  4.697 s]
[[1;34mINFO[m] asbestos-analysis .................................. [1;32mSUCCESS[m [  0.670 s]
[[1;34mINFO[m] asbestos-proxy ..................................... [1;32mSUCCESS[m [  2.529 s]
[[1;34mINFO[m] asbestos-war ....................................... [1;32mSUCCESS[m [  5.311 s]
[[1;34mINFO[m] [1m------------------------------------------------------------------------[m
[[1;34mINFO[m] [1;32mBUILD SUCCESS[m
[[1;34mINFO[m] [1m------------------------------------------------------------------------[m
[[1;34mINFO[m] Total time:  39.600 s
[[1;34mINFO[m] Finished at: 2020-02-28T10:32:57-05:00
[[1;34mINFO[m] [1m------------------------------------------------------------------------[m
